outputs/logs/manifest-merger-debug-report.txt
-- Merging decision tree log ---
manifest
ADDED from src\main\AndroidManifest.xml:2:1-57:12
INJECTED from src\main\AndroidManifest.xml:2:1-57:12
INJECTED from src\main\AndroidManifest.xml:2:1-57:12
INJECTED from src\main\AndroidManifest.xml:2:1-57:12
MERGED from [com.android.support:appcompat-v7:28.0.0] AndroidManifest.xml:17:1-22:12
MERGED from [com.android.support.constraint:constraint-layout:1.1.3] AndroidManifest.xml:2:1-11:12
MERGED from [com.google.firebase:firebase-core:16.0.6] AndroidManifest.xml:2:1-9:12
MERGED from [com.google.firebase:firebase-database:16.0.5] AndroidManifest.xml:15:1-25:12
MERGED from [com.google.firebase:firebase-auth:16.1.0] AndroidManifest.xml:17:1-42:12
MERGED from [com.google.firebase:firebase-storage:16.0.5] AndroidManifest.xml:15:1-26:12
MERGED from [com.github.jd-alexander:library:1.1.0] AndroidManifest.xml:2:1-13:12
MERGED from [com.google.android.gms:play-services-maps:16.0.0] AndroidManifest.xml:17:1-32:12
MERGED from [com.google.android.gms:play-services-location:16.0.0] AndroidManifest.xml:2:1-9:12
MERGED from [com.google.firebase:firebase-config:16.1.3] AndroidManifest.xml:17:1-24:12
MERGED from [com.google.android.gms:play-services-analytics:16.0.6] AndroidManifest.xml:17:1-47:12
MERGED from [com.firebase:geofire-android:2.1.1] AndroidManifest.xml:1:1-5:12
MERGED from [com.google.firebase:firebase-measurement-connector-impl:17.0.4] AndroidManifest.xml:17:1-34:12
MERGED from [com.google.firebase:firebase-analytics:16.0.6] AndroidManifest.xml:17:1-55:12
MERGED from [com.google.android.gms:play-services-flags:16.0.1] AndroidManifest.xml:17:1-22:12
MERGED from [com.google.firebase:firebase-auth-interop:16.0.1] AndroidManifest.xml:2:1-10:12
MERGED from [com.google.android.gms:play-services-phenotype:16.0.0] AndroidManifest.xml:17:1-24:12
MERGED from [com.google.android.gms:play-services-tagmanager-v4-impl:16.0.6] AndroidManifest.xml:17:1-24:12
MERGED from [com.google.android.gms:play-services-analytics-impl:16.0.6] AndroidManifest.xml:17:1-31:12
MERGED from [com.google.firebase:firebase-abt:16.0.1] AndroidManifest.xml:2:1-7:12
MERGED from [com.google.android.gms:play-services-measurement-api:16.0.4] AndroidManifest.xml:17:1-25:12
MERGED from [com.google.firebase:firebase-analytics-impl:16.2.4] AndroidManifest.xml:17:1-40:12
MERGED from [com.google.firebase:firebase-iid:17.0.3] AndroidManifest.xml:17:1-59:12
MERGED from [com.google.firebase:firebase-iid-interop:16.0.1] AndroidManifest.xml:2:1-10:12
MERGED from [com.google.android.gms:play-services-base:16.0.1] AndroidManifest.xml:17:1-29:12
MERGED from [com.google.firebase:firebase-common:16.0.4] AndroidManifest.xml:2:1-17:12
MERGED from [com.google.android.gms:play-services-tasks:16.0.1] AndroidManifest.xml:2:1-9:12
MERGED from [com.google.android.gms:play-services-places-placereport:16.0.0] AndroidManifest.xml:17:1-24:12
MERGED from [com.google.android.gms:play-services-measurement-base:16.0.5] AndroidManifest.xml:2:1-9:12
MERGED from [com.google.android.gms:play-services-stats:16.0.1] AndroidManifest.xml:2:1-9:12
MERGED from [com.google.firebase:firebase-measurement-connector:17.0.1] AndroidManifest.xml:17:1-25:12
MERGED from [com.google.android.gms:play-services-ads-identifier:16.0.0] AndroidManifest.xml:17:1-24:12
MERGED from [com.google.android.gms:play-services-basement:16.1.0] AndroidManifest.xml:17:1-28:12
MERGED from [com.android.support:support-v4:26.1.0] AndroidManifest.xml:17:1-31:12
MERGED from [com.android.support:support-fragment:28.0.0] AndroidManifest.xml:17:1-22:12
MERGED from [com.android.support:animated-vector-drawable:28.0.0] AndroidManifest.xml:17:1-22:12
MERGED from [com.android.support:support-core-ui:28.0.0] AndroidManifest.xml:17:1-22:12
MERGED from [com.android.support:support-core-utils:28.0.0] AndroidManifest.xml:17:1-22:12
MERGED from [com.android.support:support-vector-drawable:28.0.0] AndroidManifest.xml:17:1-22:12
MERGED from [com.android.support:loader:28.0.0] AndroidManifest.xml:17:1-22:12
MERGED from [com.android.support:viewpager:28.0.0] AndroidManifest.xml:17:1-22:12
MERGED from [com.android.support:coordinatorlayout:28.0.0] AndroidManifest.xml:17:1-22:12
MERGED from [com.android.support:drawerlayout:28.0.0] AndroidManifest.xml:17:1-22:12
MERGED from [com.android.support:slidingpanelayout:28.0.0] AndroidManifest.xml:17:1-22:12
MERGED from [com.android.support:customview:28.0.0] AndroidManifest.xml:17:1-22:12
MERGED from [com.android.support:swiperefreshlayout:28.0.0] AndroidManifest.xml:17:1-22:12
MERGED from [com.android.support:asynclayoutinflater:28.0.0] AndroidManifest.xml:17:1-22:12
MERGED from [com.android.support:support-media-compat:26.1.0] AndroidManifest.xml:17:1-31:12
MERGED from [com.android.support:support-compat:28.0.0] AndroidManifest.xml:17:1-24:12
MERGED from [com.android.support:versionedparcelable:28.0.0] AndroidManifest.xml:17:1-25:12
MERGED from [com.android.support:cursoradapter:28.0.0] AndroidManifest.xml:17:1-22:12
MERGED from [android.arch.lifecycle:runtime:1.1.1] AndroidManifest.xml:17:1-22:12
MERGED from [com.android.support:documentfile:28.0.0] AndroidManifest.xml:17:1-22:12
MERGED from [com.android.support:localbroadcastmanager:28.0.0] AndroidManifest.xml:17:1-22:12
MERGED from [com.android.support:print:28.0.0] AndroidManifest.xml:17:1-22:12
MERGED from [android.arch.lifecycle:viewmodel:1.1.1] AndroidManifest.xml:17:1-22:12
MERGED from [android.arch.lifecycle:livedata:1.1.1] AndroidManifest.xml:17:1-22:12
MERGED from [android.arch.lifecycle:livedata-core:1.1.1] AndroidManifest.xml:17:1-22:12
MERGED from [android.arch.core:runtime:1.1.1] AndroidManifest.xml:17:1-22:12
MERGED from [com.android.support:interpolator:28.0.0] AndroidManifest.xml:17:1-22:12
MERGED from [com.google.firebase:firebase-database-collection:16.0.1] AndroidManifest.xml:2:1-7:12
INJECTED from src\main\AndroidManifest.xml:2:1-57:12
INJECTED from src\main\AndroidManifest.xml:2:1-57:12
INJECTED from src\main\AndroidManifest.xml:2:1-57:12
	package
		ADDED from src\main\AndroidManifest.xml:3:5-62
		INJECTED from src\main\AndroidManifest.xml
		INJECTED from src\main\AndroidManifest.xml
	android:versionName
		INJECTED from src\main\AndroidManifest.xml
		ADDED from src\main\AndroidManifest.xml:2:1-57:12
		INJECTED from src\main\AndroidManifest.xml
	android:versionCode
		INJECTED from src\main\AndroidManifest.xml
		ADDED from src\main\AndroidManifest.xml:2:1-57:12
		INJECTED from src\main\AndroidManifest.xml
	xmlns:android
		ADDED from src\main\AndroidManifest.xml:2:11-69
uses-permission#android.permission.ACCESS_FINE_LOCATION
ADDED from src\main\AndroidManifest.xml:10:5-79
	android:name
		ADDED from src\main\AndroidManifest.xml:10:22-76
uses-permission#android.permission.INTERNET
ADDED from src\main\AndroidManifest.xml:11:5-67
MERGED from [com.google.firebase:firebase-database:16.0.5] AndroidManifest.xml:23:5-67
MERGED from [com.google.firebase:firebase-database:16.0.5] AndroidManifest.xml:23:5-67
MERGED from [com.google.firebase:firebase-storage:16.0.5] AndroidManifest.xml:24:5-67
MERGED from [com.google.firebase:firebase-storage:16.0.5] AndroidManifest.xml:24:5-67
MERGED from [com.google.android.gms:play-services-maps:16.0.0] AndroidManifest.xml:24:5-67
MERGED from [com.google.android.gms:play-services-maps:16.0.0] AndroidManifest.xml:24:5-67
MERGED from [com.google.android.gms:play-services-analytics:16.0.6] AndroidManifest.xml:23:5-67
MERGED from [com.google.android.gms:play-services-analytics:16.0.6] AndroidManifest.xml:23:5-67
MERGED from [com.firebase:geofire-android:2.1.1] AndroidManifest.xml:4:3-64
MERGED from [com.firebase:geofire-android:2.1.1] AndroidManifest.xml:4:3-64
MERGED from [com.google.firebase:firebase-measurement-connector-impl:17.0.4] AndroidManifest.xml:22:5-67
MERGED from [com.google.firebase:firebase-measurement-connector-impl:17.0.4] AndroidManifest.xml:22:5-67
MERGED from [com.google.firebase:firebase-analytics:16.0.6] AndroidManifest.xml:23:5-67
MERGED from [com.google.firebase:firebase-analytics:16.0.6] AndroidManifest.xml:23:5-67
MERGED from [com.google.android.gms:play-services-analytics-impl:16.0.6] AndroidManifest.xml:23:5-67
MERGED from [com.google.android.gms:play-services-analytics-impl:16.0.6] AndroidManifest.xml:23:5-67
MERGED from [com.google.firebase:firebase-analytics-impl:16.2.4] AndroidManifest.xml:23:5-67
MERGED from [com.google.firebase:firebase-analytics-impl:16.2.4] AndroidManifest.xml:23:5-67
MERGED from [com.google.firebase:firebase-iid:17.0.3] AndroidManifest.xml:23:5-67
MERGED from [com.google.firebase:firebase-iid:17.0.3] AndroidManifest.xml:23:5-67
	android:name
		ADDED from src\main\AndroidManifest.xml:11:22-64
uses-permission#android.permission.ACCESS_COARSE_LOCATION
ADDED from src\main\AndroidManifest.xml:12:5-81
	android:name
		ADDED from src\main\AndroidManifest.xml:12:22-78
uses-permission#android.permission.ACCESS_NETWORK_STATE
ADDED from src\main\AndroidManifest.xml:13:5-79
MERGED from [com.google.firebase:firebase-database:16.0.5] AndroidManifest.xml:22:5-79
MERGED from [com.google.firebase:firebase-database:16.0.5] AndroidManifest.xml:22:5-79
MERGED from [com.google.firebase:firebase-storage:16.0.5] AndroidManifest.xml:23:5-79
MERGED from [com.google.firebase:firebase-storage:16.0.5] AndroidManifest.xml:23:5-79
MERGED from [com.google.android.gms:play-services-maps:16.0.0] AndroidManifest.xml:23:5-79
MERGED from [com.google.android.gms:play-services-maps:16.0.0] AndroidManifest.xml:23:5-79
MERGED from [com.google.android.gms:play-services-analytics:16.0.6] AndroidManifest.xml:24:5-79
MERGED from [com.google.android.gms:play-services-analytics:16.0.6] AndroidManifest.xml:24:5-79
MERGED from [com.google.firebase:firebase-measurement-connector-impl:17.0.4] AndroidManifest.xml:23:5-79
MERGED from [com.google.firebase:firebase-measurement-connector-impl:17.0.4] AndroidManifest.xml:23:5-79
MERGED from [com.google.firebase:firebase-analytics:16.0.6] AndroidManifest.xml:24:5-79
MERGED from [com.google.firebase:firebase-analytics:16.0.6] AndroidManifest.xml:24:5-79
MERGED from [com.google.android.gms:play-services-analytics-impl:16.0.6] AndroidManifest.xml:24:5-79
MERGED from [com.google.android.gms:play-services-analytics-impl:16.0.6] AndroidManifest.xml:24:5-79
MERGED from [com.google.firebase:firebase-analytics-impl:16.2.4] AndroidManifest.xml:24:5-79
MERGED from [com.google.firebase:firebase-analytics-impl:16.2.4] AndroidManifest.xml:24:5-79
MERGED from [com.google.firebase:firebase-iid:17.0.3] AndroidManifest.xml:22:5-79
MERGED from [com.google.firebase:firebase-iid:17.0.3] AndroidManifest.xml:22:5-79
	android:name
		ADDED from src\main\AndroidManifest.xml:13:22-76
uses-permission#android.permission.FOREGROUND_SERVICE
ADDED from src\main\AndroidManifest.xml:14:5-76
	android:name
		ADDED from src\main\AndroidManifest.xml:14:22-74
application
ADDED from src\main\AndroidManifest.xml:18:5-55:19
MERGED from [com.android.support.constraint:constraint-layout:1.1.3] AndroidManifest.xml:9:5-20
MERGED from [com.android.support.constraint:constraint-layout:1.1.3] AndroidManifest.xml:9:5-20
MERGED from [com.google.firebase:firebase-core:16.0.6] AndroidManifest.xml:7:5-20
MERGED from [com.google.firebase:firebase-core:16.0.6] AndroidManifest.xml:7:5-20
MERGED from [com.google.firebase:firebase-auth:16.1.0] AndroidManifest.xml:23:5-40:19
MERGED from [com.google.firebase:firebase-auth:16.1.0] AndroidManifest.xml:23:5-40:19
MERGED from [com.github.jd-alexander:library:1.1.0] AndroidManifest.xml:11:5-20
MERGED from [com.github.jd-alexander:library:1.1.0] AndroidManifest.xml:11:5-20
MERGED from [com.google.android.gms:play-services-maps:16.0.0] AndroidManifest.xml:30:5-20
MERGED from [com.google.android.gms:play-services-maps:16.0.0] AndroidManifest.xml:30:5-20
MERGED from [com.google.android.gms:play-services-location:16.0.0] AndroidManifest.xml:7:5-20
MERGED from [com.google.android.gms:play-services-location:16.0.0] AndroidManifest.xml:7:5-20
MERGED from [com.google.firebase:firebase-config:16.1.3] AndroidManifest.xml:22:5-20
MERGED from [com.google.firebase:firebase-config:16.1.3] AndroidManifest.xml:22:5-20
MERGED from [com.google.android.gms:play-services-analytics:16.0.6] AndroidManifest.xml:29:5-45:19
MERGED from [com.google.android.gms:play-services-analytics:16.0.6] AndroidManifest.xml:29:5-45:19
MERGED from [com.google.firebase:firebase-measurement-connector-impl:17.0.4] AndroidManifest.xml:26:5-32:19
MERGED from [com.google.firebase:firebase-measurement-connector-impl:17.0.4] AndroidManifest.xml:26:5-32:19
MERGED from [com.google.firebase:firebase-analytics:16.0.6] AndroidManifest.xml:28:5-53:19
MERGED from [com.google.firebase:firebase-analytics:16.0.6] AndroidManifest.xml:28:5-53:19
MERGED from [com.google.firebase:firebase-auth-interop:16.0.1] AndroidManifest.xml:7:5-8:19
MERGED from [com.google.firebase:firebase-auth-interop:16.0.1] AndroidManifest.xml:7:5-8:19
MERGED from [com.google.android.gms:play-services-phenotype:16.0.0] AndroidManifest.xml:22:5-20
MERGED from [com.google.android.gms:play-services-phenotype:16.0.0] AndroidManifest.xml:22:5-20
MERGED from [com.google.android.gms:play-services-tagmanager-v4-impl:16.0.6] AndroidManifest.xml:22:5-20
MERGED from [com.google.android.gms:play-services-tagmanager-v4-impl:16.0.6] AndroidManifest.xml:22:5-20
MERGED from [com.google.android.gms:play-services-analytics-impl:16.0.6] AndroidManifest.xml:29:5-20
MERGED from [com.google.android.gms:play-services-analytics-impl:16.0.6] AndroidManifest.xml:29:5-20
MERGED from [com.google.android.gms:play-services-measurement-api:16.0.4] AndroidManifest.xml:22:5-23:19
MERGED from [com.google.android.gms:play-services-measurement-api:16.0.4] AndroidManifest.xml:22:5-23:19
MERGED from [com.google.firebase:firebase-analytics-impl:16.2.4] AndroidManifest.xml:28:5-38:19
MERGED from [com.google.firebase:firebase-analytics-impl:16.2.4] AndroidManifest.xml:28:5-38:19
MERGED from [com.google.firebase:firebase-iid:17.0.3] AndroidManifest.xml:28:5-57:19
MERGED from [com.google.firebase:firebase-iid:17.0.3] AndroidManifest.xml:28:5-57:19
MERGED from [com.google.firebase:firebase-iid-interop:16.0.1] AndroidManifest.xml:7:5-8:19
MERGED from [com.google.firebase:firebase-iid-interop:16.0.1] AndroidManifest.xml:7:5-8:19
MERGED from [com.google.android.gms:play-services-base:16.0.1] AndroidManifest.xml:22:5-27:19
MERGED from [com.google.android.gms:play-services-base:16.0.1] AndroidManifest.xml:22:5-27:19
MERGED from [com.google.firebase:firebase-common:16.0.4] AndroidManifest.xml:9:5-15:19
MERGED from [com.google.firebase:firebase-common:16.0.4] AndroidManifest.xml:9:5-15:19
MERGED from [com.google.android.gms:play-services-tasks:16.0.1] AndroidManifest.xml:7:5-20
MERGED from [com.google.android.gms:play-services-tasks:16.0.1] AndroidManifest.xml:7:5-20
MERGED from [com.google.android.gms:play-services-places-placereport:16.0.0] AndroidManifest.xml:22:5-20
MERGED from [com.google.android.gms:play-services-places-placereport:16.0.0] AndroidManifest.xml:22:5-20
MERGED from [com.google.android.gms:play-services-measurement-base:16.0.5] AndroidManifest.xml:7:5-20
MERGED from [com.google.android.gms:play-services-measurement-base:16.0.5] AndroidManifest.xml:7:5-20
MERGED from [com.google.android.gms:play-services-stats:16.0.1] AndroidManifest.xml:7:5-20
MERGED from [com.google.android.gms:play-services-stats:16.0.1] AndroidManifest.xml:7:5-20
MERGED from [com.google.firebase:firebase-measurement-connector:17.0.1] AndroidManifest.xml:22:5-23:19
MERGED from [com.google.firebase:firebase-measurement-connector:17.0.1] AndroidManifest.xml:22:5-23:19
MERGED from [com.google.android.gms:play-services-ads-identifier:16.0.0] AndroidManifest.xml:22:5-20
MERGED from [com.google.android.gms:play-services-ads-identifier:16.0.0] AndroidManifest.xml:22:5-20
MERGED from [com.google.android.gms:play-services-basement:16.1.0] AndroidManifest.xml:22:5-26:19
MERGED from [com.google.android.gms:play-services-basement:16.1.0] AndroidManifest.xml:22:5-26:19
MERGED from [com.android.support:support-v4:26.1.0] AndroidManifest.xml:25:5-29:19
MERGED from [com.android.support:support-v4:26.1.0] AndroidManifest.xml:25:5-29:19
MERGED from [com.android.support:support-media-compat:26.1.0] AndroidManifest.xml:25:5-29:19
MERGED from [com.android.support:support-media-compat:26.1.0] AndroidManifest.xml:25:5-29:19
MERGED from [com.android.support:support-compat:28.0.0] AndroidManifest.xml:22:5-94
MERGED from [com.android.support:support-compat:28.0.0] AndroidManifest.xml:22:5-94
MERGED from [com.android.support:versionedparcelable:28.0.0] AndroidManifest.xml:22:5-23:19
MERGED from [com.android.support:versionedparcelable:28.0.0] AndroidManifest.xml:22:5-23:19
	android:appComponentFactory
		ADDED from [com.android.support:support-compat:28.0.0] AndroidManifest.xml:22:18-91
	android:supportsRtl
		ADDED from src\main\AndroidManifest.xml:23:9-35
	android:label
		ADDED from src\main\AndroidManifest.xml:21:9-41
	android:roundIcon
		ADDED from src\main\AndroidManifest.xml:22:9-54
	android:icon
		ADDED from src\main\AndroidManifest.xml:20:9-43
	android:allowBackup
		ADDED from src\main\AndroidManifest.xml:19:9-35
	android:theme
		ADDED from src\main\AndroidManifest.xml:24:9-40
activity#com.example.shwetapathak.ambulanceservicesfinal.DriverLoginActivity
ADDED from src\main\AndroidManifest.xml:25:9-57
	android:name
		ADDED from src\main\AndroidManifest.xml:25:19-54
activity#com.example.shwetapathak.ambulanceservicesfinal.CustomerLoginActivity
ADDED from src\main\AndroidManifest.xml:26:9-59
	android:name
		ADDED from src\main\AndroidManifest.xml:26:19-56
activity#com.example.shwetapathak.ambulanceservicesfinal.CustomerMapActivity
ADDED from src\main\AndroidManifest.xml:27:9-57
	android:name
		ADDED from src\main\AndroidManifest.xml:27:19-54
activity#com.example.shwetapathak.ambulanceservicesfinal.CustomerSettingActivity
ADDED from src\main\AndroidManifest.xml:28:9-61
	android:name
		ADDED from src\main\AndroidManifest.xml:28:19-58
meta-data#com.google.android.geo.API_KEY
ADDED from src\main\AndroidManifest.xml:38:9-40:55
	android:value
		ADDED from src\main\AndroidManifest.xml:40:13-52
	android:name
		ADDED from src\main\AndroidManifest.xml:39:13-58
activity#com.example.shwetapathak.ambulanceservicesfinal.DriverMapActivity
ADDED from src\main\AndroidManifest.xml:42:9-44:65
	android:label
		ADDED from src\main\AndroidManifest.xml:44:13-62
	android:name
		ADDED from src\main\AndroidManifest.xml:43:13-46
activity#com.example.shwetapathak.ambulanceservicesfinal.MapActivity
ADDED from src\main\AndroidManifest.xml:45:9-49
	android:name
		ADDED from src\main\AndroidManifest.xml:45:19-46
activity#com.example.shwetapathak.ambulanceservicesfinal.MainActivity
ADDED from src\main\AndroidManifest.xml:46:9-50
	android:name
		ADDED from src\main\AndroidManifest.xml:46:19-47
activity#com.example.shwetapathak.ambulanceservicesfinal.HomeActivity
ADDED from src\main\AndroidManifest.xml:47:9-53:20
	android:name
		ADDED from src\main\AndroidManifest.xml:47:19-47
intent-filter#action:name:android.intent.action.MAIN+category:name:android.intent.category.LAUNCHER
ADDED from src\main\AndroidManifest.xml:48:13-52:29
action#android.intent.action.MAIN
ADDED from src\main\AndroidManifest.xml:49:17-69
	android:name
		ADDED from src\main\AndroidManifest.xml:49:25-66
category#android.intent.category.LAUNCHER
ADDED from src\main\AndroidManifest.xml:51:17-77
	android:name
		ADDED from src\main\AndroidManifest.xml:51:27-74
activity#com.example.shwetapathak.ambulanceservicesfinal.DriverSettingActivity
ADDED from src\main\AndroidManifest.xml:54:9-68
	android:name
		ADDED from src\main\AndroidManifest.xml:54:19-56
uses-sdk
INJECTED from src\main\AndroidManifest.xml reason: use-sdk injection requested
INJECTED from src\main\AndroidManifest.xml
INJECTED from src\main\AndroidManifest.xml
MERGED from [com.android.support:appcompat-v7:28.0.0] AndroidManifest.xml:20:5-44
MERGED from [com.android.support:appcompat-v7:28.0.0] AndroidManifest.xml:20:5-44
MERGED from [com.android.support.constraint:constraint-layout:1.1.3] AndroidManifest.xml:5:5-7:41
MERGED from [com.android.support.constraint:constraint-layout:1.1.3] AndroidManifest.xml:5:5-7:41
MERGED from [com.google.firebase:firebase-core:16.0.6] AndroidManifest.xml:5:5-44
MERGED from [com.google.firebase:firebase-core:16.0.6] AndroidManifest.xml:5:5-44
MERGED from [com.google.firebase:firebase-database:16.0.5] AndroidManifest.xml:18:5-20:41
MERGED from [com.google.firebase:firebase-database:16.0.5] AndroidManifest.xml:18:5-20:41
MERGED from [com.google.firebase:firebase-auth:16.1.0] AndroidManifest.xml:21:5-44
MERGED from [com.google.firebase:firebase-auth:16.1.0] AndroidManifest.xml:21:5-44
MERGED from [com.google.firebase:firebase-storage:16.0.5] AndroidManifest.xml:19:5-21:41
MERGED from [com.google.firebase:firebase-storage:16.0.5] AndroidManifest.xml:19:5-21:41
MERGED from [com.github.jd-alexander:library:1.1.0] AndroidManifest.xml:7:5-9:41
MERGED from [com.github.jd-alexander:library:1.1.0] AndroidManifest.xml:7:5-9:41
MERGED from [com.google.android.gms:play-services-maps:16.0.0] AndroidManifest.xml:20:5-44
MERGED from [com.google.android.gms:play-services-maps:16.0.0] AndroidManifest.xml:20:5-44
MERGED from [com.google.android.gms:play-services-location:16.0.0] AndroidManifest.xml:5:5-44
MERGED from [com.google.android.gms:play-services-location:16.0.0] AndroidManifest.xml:5:5-44
MERGED from [com.google.firebase:firebase-config:16.1.3] AndroidManifest.xml:20:5-44
MERGED from [com.google.firebase:firebase-config:16.1.3] AndroidManifest.xml:20:5-44
MERGED from [com.google.android.gms:play-services-analytics:16.0.6] AndroidManifest.xml:20:5-44
MERGED from [com.google.android.gms:play-services-analytics:16.0.6] AndroidManifest.xml:20:5-44
MERGED from [com.firebase:geofire-android:2.1.1] AndroidManifest.xml:2:3-70
MERGED from [com.firebase:geofire-android:2.1.1] AndroidManifest.xml:2:3-70
MERGED from [com.google.firebase:firebase-measurement-connector-impl:17.0.4] AndroidManifest.xml:20:5-44
MERGED from [com.google.firebase:firebase-measurement-connector-impl:17.0.4] AndroidManifest.xml:20:5-44
MERGED from [com.google.firebase:firebase-analytics:16.0.6] AndroidManifest.xml:20:5-44
MERGED from [com.google.firebase:firebase-analytics:16.0.6] AndroidManifest.xml:20:5-44
MERGED from [com.google.android.gms:play-services-flags:16.0.1] AndroidManifest.xml:20:5-44
MERGED from [com.google.android.gms:play-services-flags:16.0.1] AndroidManifest.xml:20:5-44
MERGED from [com.google.firebase:firebase-auth-interop:16.0.1] AndroidManifest.xml:5:5-44
MERGED from [com.google.firebase:firebase-auth-interop:16.0.1] AndroidManifest.xml:5:5-44
MERGED from [com.google.android.gms:play-services-phenotype:16.0.0] AndroidManifest.xml:20:5-44
MERGED from [com.google.android.gms:play-services-phenotype:16.0.0] AndroidManifest.xml:20:5-44
MERGED from [com.google.android.gms:play-services-tagmanager-v4-impl:16.0.6] AndroidManifest.xml:20:5-44
MERGED from [com.google.android.gms:play-services-tagmanager-v4-impl:16.0.6] AndroidManifest.xml:20:5-44
MERGED from [com.google.android.gms:play-services-analytics-impl:16.0.6] AndroidManifest.xml:20:5-44
MERGED from [com.google.android.gms:play-services-analytics-impl:16.0.6] AndroidManifest.xml:20:5-44
MERGED from [com.google.firebase:firebase-abt:16.0.1] AndroidManifest.xml:5:5-44
MERGED from [com.google.firebase:firebase-abt:16.0.1] AndroidManifest.xml:5:5-44
MERGED from [com.google.android.gms:play-services-measurement-api:16.0.4] AndroidManifest.xml:20:5-44
MERGED from [com.google.android.gms:play-services-measurement-api:16.0.4] AndroidManifest.xml:20:5-44
MERGED from [com.google.firebase:firebase-analytics-impl:16.2.4] AndroidManifest.xml:20:5-44
MERGED from [com.google.firebase:firebase-analytics-impl:16.2.4] AndroidManifest.xml:20:5-44
MERGED from [com.google.firebase:firebase-iid:17.0.3] AndroidManifest.xml:20:5-44
MERGED from [com.google.firebase:firebase-iid:17.0.3] AndroidManifest.xml:20:5-44
MERGED from [com.google.firebase:firebase-iid-interop:16.0.1] AndroidManifest.xml:5:5-44
MERGED from [com.google.firebase:firebase-iid-interop:16.0.1] AndroidManifest.xml:5:5-44
MERGED from [com.google.android.gms:play-services-base:16.0.1] AndroidManifest.xml:20:5-44
MERGED from [com.google.android.gms:play-services-base:16.0.1] AndroidManifest.xml:20:5-44
MERGED from [com.google.firebase:firebase-common:16.0.4] AndroidManifest.xml:5:5-7:41
MERGED from [com.google.firebase:firebase-common:16.0.4] AndroidManifest.xml:5:5-7:41
MERGED from [com.google.android.gms:play-services-tasks:16.0.1] AndroidManifest.xml:5:5-44
MERGED from [com.google.android.gms:play-services-tasks:16.0.1] AndroidManifest.xml:5:5-44
MERGED from [com.google.android.gms:play-services-places-placereport:16.0.0] AndroidManifest.xml:20:5-44
MERGED from [com.google.android.gms:play-services-places-placereport:16.0.0] AndroidManifest.xml:20:5-44
MERGED from [com.google.android.gms:play-services-measurement-base:16.0.5] AndroidManifest.xml:5:5-44
MERGED from [com.google.android.gms:play-services-measurement-base:16.0.5] AndroidManifest.xml:5:5-44
MERGED from [com.google.android.gms:play-services-stats:16.0.1] AndroidManifest.xml:5:5-44
MERGED from [com.google.android.gms:play-services-stats:16.0.1] AndroidManifest.xml:5:5-44
MERGED from [com.google.firebase:firebase-measurement-connector:17.0.1] AndroidManifest.xml:20:5-44
MERGED from [com.google.firebase:firebase-measurement-connector:17.0.1] AndroidManifest.xml:20:5-44
MERGED from [com.google.android.gms:play-services-ads-identifier:16.0.0] AndroidManifest.xml:20:5-44
MERGED from [com.google.android.gms:play-services-ads-identifier:16.0.0] AndroidManifest.xml:20:5-44
MERGED from [com.google.android.gms:play-services-basement:16.1.0] AndroidManifest.xml:20:5-44
MERGED from [com.google.android.gms:play-services-basement:16.1.0] AndroidManifest.xml:20:5-44
MERGED from [com.android.support:support-v4:26.1.0] AndroidManifest.xml:21:5-23:54
MERGED from [com.android.support:support-v4:26.1.0] AndroidManifest.xml:21:5-23:54
MERGED from [com.android.support:support-fragment:28.0.0] AndroidManifest.xml:20:5-44
MERGED from [com.android.support:support-fragment:28.0.0] AndroidManifest.xml:20:5-44
MERGED from [com.android.support:animated-vector-drawable:28.0.0] AndroidManifest.xml:20:5-44
MERGED from [com.android.support:animated-vector-drawable:28.0.0] AndroidManifest.xml:20:5-44
MERGED from [com.android.support:support-core-ui:28.0.0] AndroidManifest.xml:20:5-44
MERGED from [com.android.support:support-core-ui:28.0.0] AndroidManifest.xml:20:5-44
MERGED from [com.android.support:support-core-utils:28.0.0] AndroidManifest.xml:20:5-44
MERGED from [com.android.support:support-core-utils:28.0.0] AndroidManifest.xml:20:5-44
MERGED from [com.android.support:support-vector-drawable:28.0.0] AndroidManifest.xml:20:5-44
MERGED from [com.android.support:support-vector-drawable:28.0.0] AndroidManifest.xml:20:5-44
MERGED from [com.android.support:loader:28.0.0] AndroidManifest.xml:20:5-44
MERGED from [com.android.support:loader:28.0.0] AndroidManifest.xml:20:5-44
MERGED from [com.android.support:viewpager:28.0.0] AndroidManifest.xml:20:5-44
MERGED from [com.android.support:viewpager:28.0.0] AndroidManifest.xml:20:5-44
MERGED from [com.android.support:coordinatorlayout:28.0.0] AndroidManifest.xml:20:5-44
MERGED from [com.android.support:coordinatorlayout:28.0.0] AndroidManifest.xml:20:5-44
MERGED from [com.android.support:drawerlayout:28.0.0] AndroidManifest.xml:20:5-44
MERGED from [com.android.support:drawerlayout:28.0.0] AndroidManifest.xml:20:5-44
MERGED from [com.android.support:slidingpanelayout:28.0.0] AndroidManifest.xml:20:5-44
MERGED from [com.android.support:slidingpanelayout:28.0.0] AndroidManifest.xml:20:5-44
MERGED from [com.android.support:customview:28.0.0] AndroidManifest.xml:20:5-44
MERGED from [com.android.support:customview:28.0.0] AndroidManifest.xml:20:5-44
MERGED from [com.android.support:swiperefreshlayout:28.0.0] AndroidManifest.xml:20:5-44
MERGED from [com.android.support:swiperefreshlayout:28.0.0] AndroidManifest.xml:20:5-44
MERGED from [com.android.support:asynclayoutinflater:28.0.0] AndroidManifest.xml:20:5-44
MERGED from [com.android.support:asynclayoutinflater:28.0.0] AndroidManifest.xml:20:5-44
MERGED from [com.android.support:support-media-compat:26.1.0] AndroidManifest.xml:21:5-23:63
MERGED from [com.android.support:support-media-compat:26.1.0] AndroidManifest.xml:21:5-23:63
MERGED from [com.android.support:support-compat:28.0.0] AndroidManifest.xml:20:5-44
MERGED from [com.android.support:support-compat:28.0.0] AndroidManifest.xml:20:5-44
MERGED from [com.android.support:versionedparcelable:28.0.0] AndroidManifest.xml:20:5-44
MERGED from [com.android.support:versionedparcelable:28.0.0] AndroidManifest.xml:20:5-44
MERGED from [com.android.support:cursoradapter:28.0.0] AndroidManifest.xml:20:5-44
MERGED from [com.android.support:cursoradapter:28.0.0] AndroidManifest.xml:20:5-44
MERGED from [android.arch.lifecycle:runtime:1.1.1] AndroidManifest.xml:20:5-44
MERGED from [android.arch.lifecycle:runtime:1.1.1] AndroidManifest.xml:20:5-44
MERGED from [com.android.support:documentfile:28.0.0] AndroidManifest.xml:20:5-44
MERGED from [com.android.support:documentfile:28.0.0] AndroidManifest.xml:20:5-44
MERGED from [com.android.support:localbroadcastmanager:28.0.0] AndroidManifest.xml:20:5-44
MERGED from [com.android.support:localbroadcastmanager:28.0.0] AndroidManifest.xml:20:5-44
MERGED from [com.android.support:print:28.0.0] AndroidManifest.xml:20:5-44
MERGED from [com.android.support:print:28.0.0] AndroidManifest.xml:20:5-44
MERGED from [android.arch.lifecycle:viewmodel:1.1.1] AndroidManifest.xml:20:5-44
MERGED from [android.arch.lifecycle:viewmodel:1.1.1] AndroidManifest.xml:20:5-44
MERGED from [android.arch.lifecycle:livedata:1.1.1] AndroidManifest.xml:20:5-44
MERGED from [android.arch.lifecycle:livedata:1.1.1] AndroidManifest.xml:20:5-44